\BOOKMARK [1][-]{section.1}{Introduction}{}% 1
\BOOKMARK [1][-]{section.2}{Related literature}{}% 2
\BOOKMARK [1][-]{section.3}{Methodology}{}% 3
\BOOKMARK [2][-]{subsection.3.1}{Asset pricing for pooled cash flows}{section.3}% 4
\BOOKMARK [2][-]{subsection.3.2}{Least-Mean-Distance estimator}{section.3}% 5
\BOOKMARK [2][-]{subsection.3.3}{Asymptotic benchmark and SHAC inference}{section.3}% 6
\BOOKMARK [2][-]{subsection.3.4}{Comparison to similar estimators}{section.3}% 7
\BOOKMARK [3][-]{subsubsection.3.4.1}{Connection to DLP12}{subsection.3.4}% 8
\BOOKMARK [3][-]{subsubsection.3.4.2}{Connection to DLP09wp}{subsection.3.4}% 9
\BOOKMARK [3][-]{subsubsection.3.4.3}{Connection to KN16}{subsection.3.4}% 10
\BOOKMARK [3][-]{subsubsection.3.4.4}{Positioning of the present estimator}{subsection.3.4}% 11
\BOOKMARK [1][-]{section.4}{Implementation choices and simulation}{}% 12
\BOOKMARK [2][-]{subsection.4.1}{Private data}{section.4}% 13
\BOOKMARK [2][-]{subsection.4.2}{SDF models and public data}{section.4}% 14
\BOOKMARK [2][-]{subsection.4.3}{The impact of unseasoned funds and reported NAVs}{section.4}% 15
\BOOKMARK [2][-]{subsection.4.4}{NAV discount sensitivity analysis}{section.4}% 16
\BOOKMARK [2][-]{subsection.4.5}{Simulation study}{section.4}% 17
\BOOKMARK [2][-]{subsection.4.6}{Role of asymptotic inference}{section.4}% 18
\BOOKMARK [1][-]{section.5}{Empirical results for BO and VC data}{}% 19
\BOOKMARK [2][-]{subsection.5.1}{Baseline: single market-factor models}{section.5}% 20
\BOOKMARK [2][-]{subsection.5.2}{Robustness: two-factor +MKT models}{section.5}% 21
\BOOKMARK [2][-]{subsection.5.3}{Two-factor q5-factor models}{section.5}% 22
\BOOKMARK [2][-]{subsection.5.4}{Interpretation}{section.5}% 23
\BOOKMARK [1][-]{section.6}{Conclusion}{}% 24
\BOOKMARK [1][-]{appendix.A}{Target shift and finite-sample stabilization under T-averaging}{}% 25
\BOOKMARK [2][-]{subsection.A.1}{Setup and horizon-specific population target}{appendix.A}% 26
\BOOKMARK [2][-]{subsection.A.2}{Exact source of the averaged population moment at 0}{appendix.A}% 27
\BOOKMARK [2][-]{subsection.A.3}{From averaged moment shift to pseudo-true target shift}{appendix.A}% 28
\BOOKMARK [2][-]{subsection.A.4}{Exact MSE decomposition}{appendix.A}% 29
\BOOKMARK [2][-]{subsection.A.5}{Interpretation and reconciliation with the simulation study}{appendix.A}% 30
\BOOKMARK [1][-]{appendix.B}{Comparison to DLP12}{}% 31
\BOOKMARK [2][-]{subsection.B.1}{Comparison to simulation results}{appendix.B}% 32
\BOOKMARK [2][-]{subsection.B.2}{Comparison to empirical results}{appendix.B}% 33
\BOOKMARK [1][-]{appendix.C}{Asymptotic conditions, inference details, and proofs for the horizon-specific results}{}% 34
\BOOKMARK [2][-]{subsection.C.1}{Asymptotic setup and assumptions}{appendix.C}% 35
\BOOKMARK [2][-]{subsection.C.2}{Auxiliary uniform law of large numbers}{appendix.C}% 36
\BOOKMARK [2][-]{subsection.C.3}{Proof of consistency}{appendix.C}% 37
\BOOKMARK [2][-]{subsection.C.4}{Proof of asymptotic normality}{appendix.C}% 38
